Using pre-set license
Built from '2020.3/staging' branch; Version is '2020.3.11f1 (99c7afb366b3) revision 10078127'; Using compiler version '192528614'; Build Type 'Release'
OS: 'Windows 10 Pro; OS build 19043.1237; Version 2009; 64bit' Language: 'en' Physical Memory: 32690 MB
BatchMode: 1, IsHumanControllingUs: 0, StartBugReporterOnCrash: 0, Is64bit: 1, IsPro: 0

 COMMAND LINE ARGUMENTS:
D:\Programs\Unity\UnitySecondary\2020.3.11f1\Editor\Unity.exe
-adb2
-batchMode
-noUpm
-name
AssetImportWorker0
-projectPath
D:/Projects/Unity/2D_PathFinding
-logFile
Logs/AssetImportWorker0.log
-srvPort
54353
Successfully changed project path to: D:/Projects/Unity/2D_PathFinding
D:/Projects/Unity/2D_PathFinding
Using Asset Import Pipeline V2.
Refreshing native plugins compatible for Editor in 44.22 ms, found 3 plugins.
Preloading 0 native plugins for Editor in 0.00 ms.
Initialize engine version: 2020.3.11f1 (99c7afb366b3)
[Subsystems] Discovering subsystems at path D:/Programs/Unity/UnitySecondary/2020.3.11f1/Editor/Data/Resources/UnitySubsystems
[Subsystems] Discovering subsystems at path D:/Projects/Unity/2D_PathFinding/Assets
GfxDevice: creating device client; threaded=0
Direct3D:
    Version:  Direct3D 11.0 [level 11.1]
    Renderer: NVIDIA GeForce GTX 1060 6GB (ID=0x1c03)
    Vendor:   
    VRAM:     6052 MB
    Driver:   27.21.14.6627
Initialize mono
Mono path[0] = 'D:/Programs/Unity/UnitySecondary/2020.3.11f1/Editor/Data/Managed'
Mono path[1] = 'D:/Programs/Unity/UnitySecondary/2020.3.11f1/Editor/Data/MonoBleedingEdge/lib/mono/unityjit'
Mono config path = 'D:/Programs/Unity/UnitySecondary/2020.3.11f1/Editor/Data/MonoBleedingEdge/etc'
Using monoOptions --debugger-agent=transport=dt_socket,embedding=1,server=y,suspend=n,address=127.0.0.1:56900
Begin MonoManager ReloadAssembly
Registering precompiled unity dll's ...
Register platform support module: D:/Programs/Unity/UnitySecondary/2020.3.11f1/Editor/Data/PlaybackEngines/WindowsStandaloneSupport/UnityEditor.WindowsStandalone.Extensions.dll
Registered in 0.000949 seconds.
Native extension for WindowsStandalone target not found
Refreshing native plugins compatible for Editor in 34.58 ms, found 3 plugins.
Preloading 0 native plugins for Editor in 0.00 ms.
Mono: successfully reloaded assembly
- Completed reload, in  0.789 seconds
Platform modules already initialized, skipping
Registering precompiled user dll's ...
Registered in 0.002554 seconds.
Begin MonoManager ReloadAssembly
Native extension for WindowsStandalone target not found
Refreshing native plugins compatible for Editor in 34.52 ms, found 3 plugins.
Preloading 0 native plugins for Editor in 0.00 ms.
Mono: successfully reloaded assembly
- Completed reload, in  0.939 seconds
Platform modules already initialized, skipping
========================================================================
Worker process is ready to serve import requests
Launched and connected shader compiler UnityShaderCompiler.exe after 0.04 seconds
Refreshing native plugins compatible for Editor in 0.70 ms, found 3 plugins.
Preloading 0 native plugins for Editor in 0.00 ms.
Unloading 2088 Unused Serialized files (Serialized files now loaded: 0)
System memory in use before: 93.0 MB.
System memory in use after: 93.0 MB.

Unloading 33 unused Assets to reduce memory usage. Loaded Objects now: 2521.
Total: 2.198600 ms (FindLiveObjects: 0.203700 ms CreateObjectMapping: 0.088500 ms MarkObjects: 1.773600 ms  DeleteObjects: 0.131800 ms)

========================================================================
Received Import Request.
  path: Assets/BuiltData/Nodes/Node_3.asset
  artifactKey: Guid(660940d93b24dfb49881ff542498c4fe) Importer(815301076,1909f56bfc062723c751e8b465ee728b)
Start importing Assets/BuiltData/Nodes/Node_3.asset using Guid(660940d93b24dfb49881ff542498c4fe) Importer(815301076,1909f56bfc062723c751e8b465ee728b)  -> (artifact id: 'a248a2fda8a2b18380aaf476998697fd') in 0.036906 seconds
  Import took 0.040170 seconds .

========================================================================
Received Import Request.
  Time since last request: 0.000259 seconds.
  path: Assets/BuiltData/Nodes/Node_70.asset
  artifactKey: Guid(7dd3b7782f616434c8c90b54309aff96) Importer(815301076,1909f56bfc062723c751e8b465ee728b)
Start importing Assets/BuiltData/Nodes/Node_70.asset using Guid(7dd3b7782f616434c8c90b54309aff96) Importer(815301076,1909f56bfc062723c751e8b465ee728b)  -> (artifact id: 'db7aca3c89ccdf5fc5d579f80d3f2112') in 0.006751 seconds
  Import took 0.009791 seconds .

========================================================================
Received Import Request.
  Time since last request: 0.000204 seconds.
  path: Assets/BuiltData/Nodes/Node_31.asset
  artifactKey: Guid(6702dd004e1b03b40898344a96dff679) Importer(815301076,1909f56bfc062723c751e8b465ee728b)
Start importing Assets/BuiltData/Nodes/Node_31.asset using Guid(6702dd004e1b03b40898344a96dff679) Importer(815301076,1909f56bfc062723c751e8b465ee728b)  -> (artifact id: '20568c7e03c764b3d1721d42136d0fce') in 0.007959 seconds
  Import took 0.010604 seconds .

========================================================================
Received Import Request.
  Time since last request: 0.000176 seconds.
  path: Assets/BuiltData/Nodes/Node_10.asset
  artifactKey: Guid(7cd3a2f9534834a4ca1a8120f6a26d61) Importer(815301076,1909f56bfc062723c751e8b465ee728b)
Start importing Assets/BuiltData/Nodes/Node_10.asset using Guid(7cd3a2f9534834a4ca1a8120f6a26d61) Importer(815301076,1909f56bfc062723c751e8b465ee728b)  -> (artifact id: '6c5c5b5bcfb89699fd530935b502a820') in 0.003429 seconds
  Import took 0.006584 seconds .

========================================================================
Received Import Request.
  Time since last request: 0.000217 seconds.
  path: Assets/BuiltData/Nodes/Node_8.asset
  artifactKey: Guid(a82f3f5a70578fc45a31465540e2abd4) Importer(815301076,1909f56bfc062723c751e8b465ee728b)
Start importing Assets/BuiltData/Nodes/Node_8.asset using Guid(a82f3f5a70578fc45a31465540e2abd4) Importer(815301076,1909f56bfc062723c751e8b465ee728b)  -> (artifact id: '5b0a38e4d9bd2edb6335bd65993cd58e') in 0.003278 seconds
  Import took 0.005897 seconds .

========================================================================
Received Import Request.
  Time since last request: 0.000246 seconds.
  path: Assets/BuiltData/Nodes/Node_9.asset
  artifactKey: Guid(1133cdbfc8e09f74cbb831db48a8d2ce) Importer(815301076,1909f56bfc062723c751e8b465ee728b)
Start importing Assets/BuiltData/Nodes/Node_9.asset using Guid(1133cdbfc8e09f74cbb831db48a8d2ce) Importer(815301076,1909f56bfc062723c751e8b465ee728b)  -> (artifact id: '59e80850976b3d1091fe0021522470de') in 0.005755 seconds
  Import took 0.008963 seconds .

========================================================================
Received Import Request.
  Time since last request: 0.000149 seconds.
  path: Assets/BuiltData/Nodes/Node_64.asset
  artifactKey: Guid(1cea126c4900d4c4d9c5b4111ae0b8e3) Importer(815301076,1909f56bfc062723c751e8b465ee728b)
Start importing Assets/BuiltData/Nodes/Node_64.asset using Guid(1cea126c4900d4c4d9c5b4111ae0b8e3) Importer(815301076,1909f56bfc062723c751e8b465ee728b)  -> (artifact id: 'f47d8f610d10016dd586e2b653fa263b') in 0.008141 seconds
  Import took 0.012197 seconds .

========================================================================
Received Import Request.
  Time since last request: 0.000240 seconds.
  path: Assets/BuiltData/Nodes/Node_2.asset
  artifactKey: Guid(ce05102c093954c46ad6885d412d4af1) Importer(815301076,1909f56bfc062723c751e8b465ee728b)
Start importing Assets/BuiltData/Nodes/Node_2.asset using Guid(ce05102c093954c46ad6885d412d4af1) Importer(815301076,1909f56bfc062723c751e8b465ee728b)  -> (artifact id: 'e07058577542c2b5b502b618ea8c5462') in 0.006784 seconds
  Import took 0.010517 seconds .

========================================================================
Received Import Request.
  Time since last request: 0.000247 seconds.
  path: Assets/BuiltData/Nodes/Node_13.asset
  artifactKey: Guid(c71999afa3fbf044aad8bb5050549628) Importer(815301076,1909f56bfc062723c751e8b465ee728b)
Start importing Assets/BuiltData/Nodes/Node_13.asset using Guid(c71999afa3fbf044aad8bb5050549628) Importer(815301076,1909f56bfc062723c751e8b465ee728b)  -> (artifact id: '29cc5c30e58d769ce50ee888e1908013') in 0.007420 seconds
  Import took 0.012173 seconds .

========================================================================
Received Import Request.
  Time since last request: 0.000252 seconds.
  path: Assets/BuiltData/Nodes/Node_40.asset
  artifactKey: Guid(ffce9e311ff88f041ac2b58e971ea35f) Importer(815301076,1909f56bfc062723c751e8b465ee728b)
Start importing Assets/BuiltData/Nodes/Node_40.asset using Guid(ffce9e311ff88f041ac2b58e971ea35f) Importer(815301076,1909f56bfc062723c751e8b465ee728b)  -> (artifact id: 'a8ddc62adab87d9271ceffcf143c8066') in 0.007506 seconds
  Import took 0.010801 seconds .

========================================================================
Received Import Request.
  Time since last request: 0.000193 seconds.
  path: Assets/BuiltData/Nodes/Node_53.asset
  artifactKey: Guid(fbcdfb7e13f44c74d8cfbd2672d6a1f0) Importer(815301076,1909f56bfc062723c751e8b465ee728b)
Start importing Assets/BuiltData/Nodes/Node_53.asset using Guid(fbcdfb7e13f44c74d8cfbd2672d6a1f0) Importer(815301076,1909f56bfc062723c751e8b465ee728b)  -> (artifact id: '037ae59c845a3e164f7e769903455702') in 0.002395 seconds
  Import took 0.005871 seconds .

========================================================================
Received Import Request.
  Time since last request: 0.000273 seconds.
  path: Assets/BuiltData/Nodes/Node_59.asset
  artifactKey: Guid(049866db81dd3eb44a371736b90a1c37) Importer(815301076,1909f56bfc062723c751e8b465ee728b)
Start importing Assets/BuiltData/Nodes/Node_59.asset using Guid(049866db81dd3eb44a371736b90a1c37) Importer(815301076,1909f56bfc062723c751e8b465ee728b)  -> (artifact id: '31ae78dc87bb2c2902579d748419c5e3') in 0.002655 seconds
  Import took 0.005295 seconds .

========================================================================
Received Import Request.
  Time since last request: 0.000214 seconds.
  path: Assets/BuiltData/Nodes/Node_1.asset
  artifactKey: Guid(99be853f3145b6f4fb0e5c04d5f1d755) Importer(815301076,1909f56bfc062723c751e8b465ee728b)
Start importing Assets/BuiltData/Nodes/Node_1.asset using Guid(99be853f3145b6f4fb0e5c04d5f1d755) Importer(815301076,1909f56bfc062723c751e8b465ee728b)  -> (artifact id: 'e22a85976a695972232329cf8fea1ed8') in 0.006002 seconds
  Import took 0.009205 seconds .

========================================================================
Received Import Request.
  Time since last request: 0.000164 seconds.
  path: Assets/BuiltData/Nodes/Node_39.asset
  artifactKey: Guid(cb0654a53a1d3ef41a693e185cbdb2c9) Importer(815301076,1909f56bfc062723c751e8b465ee728b)
Start importing Assets/BuiltData/Nodes/Node_39.asset using Guid(cb0654a53a1d3ef41a693e185cbdb2c9) Importer(815301076,1909f56bfc062723c751e8b465ee728b)  -> (artifact id: '231d3f027d4a5662ad1539147b49c63c') in 0.002568 seconds
  Import took 0.005341 seconds .

========================================================================
Received Import Request.
  Time since last request: 0.000156 seconds.
  path: Assets/BuiltData/Nodes/Node_58.asset
  artifactKey: Guid(aaf8c5cad0e46054c9d1338da8757ff6) Importer(815301076,1909f56bfc062723c751e8b465ee728b)
Start importing Assets/BuiltData/Nodes/Node_58.asset using Guid(aaf8c5cad0e46054c9d1338da8757ff6) Importer(815301076,1909f56bfc062723c751e8b465ee728b)  -> (artifact id: '8acb11a65aaf853a7eb1c216b94483f0') in 0.005528 seconds
  Import took 0.008553 seconds .

========================================================================
Received Import Request.
  Time since last request: 0.000210 seconds.
  path: Assets/BuiltData/Nodes/Node_24.asset
  artifactKey: Guid(d160a32264eccce47983eada6035d5a9) Importer(815301076,1909f56bfc062723c751e8b465ee728b)
Start importing Assets/BuiltData/Nodes/Node_24.asset using Guid(d160a32264eccce47983eada6035d5a9) Importer(815301076,1909f56bfc062723c751e8b465ee728b)  -> (artifact id: 'c11a573feb3fefac70be0a57b2a9ac53') in 0.005421 seconds
  Import took 0.008586 seconds .

========================================================================
Received Import Request.
  Time since last request: 0.000220 seconds.
  path: Assets/BuiltData/Nodes/Node_12.asset
  artifactKey: Guid(ed4aa9f61b90ab944951c5b2d48b41a4) Importer(815301076,1909f56bfc062723c751e8b465ee728b)
Start importing Assets/BuiltData/Nodes/Node_12.asset using Guid(ed4aa9f61b90ab944951c5b2d48b41a4) Importer(815301076,1909f56bfc062723c751e8b465ee728b)  -> (artifact id: 'de9dae0e796003ed350c50556b7df88e') in 0.002707 seconds
  Import took 0.005944 seconds .

========================================================================
Received Import Request.
  Time since last request: 0.000162 seconds.
  path: Assets/BuiltData/Nodes/Node_26.asset
  artifactKey: Guid(b0b258065a8feae438ab74831ba7e5aa) Importer(815301076,1909f56bfc062723c751e8b465ee728b)
Start importing Assets/BuiltData/Nodes/Node_26.asset using Guid(b0b258065a8feae438ab74831ba7e5aa) Importer(815301076,1909f56bfc062723c751e8b465ee728b)  -> (artifact id: '3ab482649b130e3441d9c7be853e2fa0') in 0.005820 seconds
  Import took 0.010027 seconds .

========================================================================
Received Import Request.
  Time since last request: 0.000163 seconds.
  path: Assets/BuiltData/Nodes/Node_32.asset
  artifactKey: Guid(37fb8a02ef625d2428cb5fe00c6921dc) Importer(815301076,1909f56bfc062723c751e8b465ee728b)
Start importing Assets/BuiltData/Nodes/Node_32.asset using Guid(37fb8a02ef625d2428cb5fe00c6921dc) Importer(815301076,1909f56bfc062723c751e8b465ee728b)  -> (artifact id: '74d72d9d5e43bcc0044e13ef7a89c297') in 0.006791 seconds
  Import took 0.010797 seconds .

========================================================================
Received Import Request.
  Time since last request: 0.000187 seconds.
  path: Assets/BuiltData/Nodes/Node_22.asset
  artifactKey: Guid(5b0ddf9d9a37de8439a582e988da2344) Importer(815301076,1909f56bfc062723c751e8b465ee728b)
Start importing Assets/BuiltData/Nodes/Node_22.asset using Guid(5b0ddf9d9a37de8439a582e988da2344) Importer(815301076,1909f56bfc062723c751e8b465ee728b)  -> (artifact id: 'e8185a2e2d52951363c4a9c0ab4412d9') in 0.002577 seconds
  Import took 0.006615 seconds .

========================================================================
Received Import Request.
  Time since last request: 0.000190 seconds.
  path: Assets/BuiltData/Nodes/Node_60.asset
  artifactKey: Guid(7fccc4735cba0a440afe30e7a49dfb6e) Importer(815301076,1909f56bfc062723c751e8b465ee728b)
Start importing Assets/BuiltData/Nodes/Node_60.asset using Guid(7fccc4735cba0a440afe30e7a49dfb6e) Importer(815301076,1909f56bfc062723c751e8b465ee728b)  -> (artifact id: '3290fa9ec8140fc37f01c19fe9336153') in 0.005832 seconds
  Import took 0.009359 seconds .

========================================================================
Received Import Request.
  Time since last request: 0.000153 seconds.
  path: Assets/BuiltData/Nodes/Node_7.asset
  artifactKey: Guid(7214f94e3b42a4f42af6f5d079331727) Importer(815301076,1909f56bfc062723c751e8b465ee728b)
Start importing Assets/BuiltData/Nodes/Node_7.asset using Guid(7214f94e3b42a4f42af6f5d079331727) Importer(815301076,1909f56bfc062723c751e8b465ee728b)  -> (artifact id: 'de6c4fb40c4f6ae1eac2465deb8d9358') in 0.002436 seconds
  Import took 0.005590 seconds .

========================================================================
Received Import Request.
  Time since last request: 0.000149 seconds.
  path: Assets/BuiltData/Nodes/Node_28.asset
  artifactKey: Guid(025ed0ca36cc6d84b817c749f7204839) Importer(815301076,1909f56bfc062723c751e8b465ee728b)
Start importing Assets/BuiltData/Nodes/Node_28.asset using Guid(025ed0ca36cc6d84b817c749f7204839) Importer(815301076,1909f56bfc062723c751e8b465ee728b)  -> (artifact id: 'de959bc11f35d7da54121e3e2e913ded') in 0.002482 seconds
  Import took 0.005971 seconds .

========================================================================
Received Import Request.
  Time since last request: 0.000134 seconds.
  path: Assets/BuiltData/Nodes/Node_44.asset
  artifactKey: Guid(4de250ec9715e1a429fbed88ee49844a) Importer(815301076,1909f56bfc062723c751e8b465ee728b)
Start importing Assets/BuiltData/Nodes/Node_44.asset using Guid(4de250ec9715e1a429fbed88ee49844a) Importer(815301076,1909f56bfc062723c751e8b465ee728b)  -> (artifact id: 'f315ccc46143754c5f0f678c5066ebba') in 0.002225 seconds
  Import took 0.004989 seconds .

========================================================================
Received Import Request.
  Time since last request: 0.000143 seconds.
  path: Assets/BuiltData/Nodes/Node_54.asset
  artifactKey: Guid(4bc6870a77076e043a22f9b0572983cc) Importer(815301076,1909f56bfc062723c751e8b465ee728b)
Start importing Assets/BuiltData/Nodes/Node_54.asset using Guid(4bc6870a77076e043a22f9b0572983cc) Importer(815301076,1909f56bfc062723c751e8b465ee728b)  -> (artifact id: 'c0ad13fde196de45aa4e70a9763177ef') in 0.002569 seconds
  Import took 0.005592 seconds .

========================================================================
Received Import Request.
  Time since last request: 0.000171 seconds.
  path: Assets/BuiltData/Nodes/Node_61.asset
  artifactKey: Guid(ff05dca4758c0f14ca722311f8b7e14a) Importer(815301076,1909f56bfc062723c751e8b465ee728b)
Start importing Assets/BuiltData/Nodes/Node_61.asset using Guid(ff05dca4758c0f14ca722311f8b7e14a) Importer(815301076,1909f56bfc062723c751e8b465ee728b)  -> (artifact id: 'e11375d7b706b0f83bd0dacbc178d9f3') in 0.005777 seconds
  Import took 0.010138 seconds .

========================================================================
Received Import Request.
  Time since last request: 0.000157 seconds.
  path: Assets/BuiltData/Nodes/Node_4.asset
  artifactKey: Guid(143d2d24c0f1a8041b171e1ab45a0f05) Importer(815301076,1909f56bfc062723c751e8b465ee728b)
Start importing Assets/BuiltData/Nodes/Node_4.asset using Guid(143d2d24c0f1a8041b171e1ab45a0f05) Importer(815301076,1909f56bfc062723c751e8b465ee728b)  -> (artifact id: '94a2bfcf4d909003849670715d600e6d') in 0.005369 seconds
  Import took 0.008312 seconds .

========================================================================
Received Import Request.
  Time since last request: 0.000134 seconds.
  path: Assets/BuiltData/Nodes/Node_17.asset
  artifactKey: Guid(858195db0311d544281b9a8adbfe1340) Importer(815301076,1909f56bfc062723c751e8b465ee728b)
Start importing Assets/BuiltData/Nodes/Node_17.asset using Guid(858195db0311d544281b9a8adbfe1340) Importer(815301076,1909f56bfc062723c751e8b465ee728b)  -> (artifact id: 'b1fdf0ce245c582e5a9f05bb8fed3cf8') in 0.002723 seconds
  Import took 0.005473 seconds .

========================================================================
Received Import Request.
  Time since last request: 0.000157 seconds.
  path: Assets/BuiltData/Nodes/Node_38.asset
  artifactKey: Guid(bff966b54cd44704a94828422a9f4bef) Importer(815301076,1909f56bfc062723c751e8b465ee728b)
Start importing Assets/BuiltData/Nodes/Node_38.asset using Guid(bff966b54cd44704a94828422a9f4bef) Importer(815301076,1909f56bfc062723c751e8b465ee728b)  -> (artifact id: '2888473afd66e888df64d778cb3427b4') in 0.002232 seconds
  Import took 0.005098 seconds .

========================================================================
Received Import Request.
  Time since last request: 0.000143 seconds.
  path: Assets/BuiltData/Nodes/Node_23.asset
  artifactKey: Guid(8e5cd0b645c798a48bae20d00071fa55) Importer(815301076,1909f56bfc062723c751e8b465ee728b)
Start importing Assets/BuiltData/Nodes/Node_23.asset using Guid(8e5cd0b645c798a48bae20d00071fa55) Importer(815301076,1909f56bfc062723c751e8b465ee728b)  -> (artifact id: '43b19470c925039b3ae08f60dfb2fc81') in 0.002509 seconds
  Import took 0.005734 seconds .

========================================================================
Received Import Request.
  Time since last request: 0.000150 seconds.
  path: Assets/BuiltData/Nodes/Node_16.asset
  artifactKey: Guid(10b3a8c93e34781499d815a89dce28bf) Importer(815301076,1909f56bfc062723c751e8b465ee728b)
Start importing Assets/BuiltData/Nodes/Node_16.asset using Guid(10b3a8c93e34781499d815a89dce28bf) Importer(815301076,1909f56bfc062723c751e8b465ee728b)  -> (artifact id: 'cdc2f399e98249c07a26ca75e9566b27') in 0.005508 seconds
  Import took 0.008464 seconds .

========================================================================
Received Import Request.
  Time since last request: 0.000137 seconds.
  path: Assets/BuiltData/Nodes/Node_46.asset
  artifactKey: Guid(2107e0827d355b94788cd5d1dc849e8a) Importer(815301076,1909f56bfc062723c751e8b465ee728b)
Start importing Assets/BuiltData/Nodes/Node_46.asset using Guid(2107e0827d355b94788cd5d1dc849e8a) Importer(815301076,1909f56bfc062723c751e8b465ee728b)  -> (artifact id: 'd6e8f46623d481aa81a3b830b0724f81') in 0.005204 seconds
  Import took 0.008177 seconds .

========================================================================
Received Import Request.
  Time since last request: 0.000156 seconds.
  path: Assets/BuiltData/Nodes/Node_51.asset
  artifactKey: Guid(e87c367f4e9336b4bbcfd6d046b68ad7) Importer(815301076,1909f56bfc062723c751e8b465ee728b)
Start importing Assets/BuiltData/Nodes/Node_51.asset using Guid(e87c367f4e9336b4bbcfd6d046b68ad7) Importer(815301076,1909f56bfc062723c751e8b465ee728b)  -> (artifact id: '59af287ba1ba8602564c514453217781') in 0.007199 seconds
  Import took 0.010436 seconds .

========================================================================
Received Import Request.
  Time since last request: 0.000137 seconds.
  path: Assets/BuiltData/Nodes/Node_43.asset
  artifactKey: Guid(9b5bac61459d3854892e8f2c47cbf967) Importer(815301076,1909f56bfc062723c751e8b465ee728b)
Start importing Assets/BuiltData/Nodes/Node_43.asset using Guid(9b5bac61459d3854892e8f2c47cbf967) Importer(815301076,1909f56bfc062723c751e8b465ee728b)  -> (artifact id: 'b65af22725ea01f0c6f5040febf77a89') in 0.005535 seconds
  Import took 0.008534 seconds .

========================================================================
Received Import Request.
  Time since last request: 0.000138 seconds.
  path: Assets/BuiltData/Nodes/Node_69.asset
  artifactKey: Guid(e5586c59b288fdf4587a417e275fecd9) Importer(815301076,1909f56bfc062723c751e8b465ee728b)
Start importing Assets/BuiltData/Nodes/Node_69.asset using Guid(e5586c59b288fdf4587a417e275fecd9) Importer(815301076,1909f56bfc062723c751e8b465ee728b)  -> (artifact id: 'c65d776b68741d7bc211d8047ded555a') in 0.005186 seconds
  Import took 0.008541 seconds .

========================================================================
Received Import Request.
  Time since last request: 0.000176 seconds.
  path: Assets/BuiltData/Nodes/Node_21.asset
  artifactKey: Guid(dec1083fa54d4c843974db599050631c) Importer(815301076,1909f56bfc062723c751e8b465ee728b)
Start importing Assets/BuiltData/Nodes/Node_21.asset using Guid(dec1083fa54d4c843974db599050631c) Importer(815301076,1909f56bfc062723c751e8b465ee728b)  -> (artifact id: 'f64b151b65eb1a273f1bd098ad848b65') in 0.002578 seconds
  Import took 0.005566 seconds .

========================================================================
Received Import Request.
  Time since last request: 0.000136 seconds.
  path: Assets/BuiltData/Nodes/Node_36.asset
  artifactKey: Guid(82de57740f300ea49a348353fb617a0b) Importer(815301076,1909f56bfc062723c751e8b465ee728b)
Start importing Assets/BuiltData/Nodes/Node_36.asset using Guid(82de57740f300ea49a348353fb617a0b) Importer(815301076,1909f56bfc062723c751e8b465ee728b)  -> (artifact id: '98aa252cdbd3469cc4ebc8e12b3c1d3a') in 0.003191 seconds
  Import took 0.006321 seconds .

========================================================================
Received Import Request.
  Time since last request: 0.000137 seconds.
  path: Assets/BuiltData/Nodes/Node_55.asset
  artifactKey: Guid(bb8a007e1d7893f4a940f5578f877a6a) Importer(815301076,1909f56bfc062723c751e8b465ee728b)
Start importing Assets/BuiltData/Nodes/Node_55.asset using Guid(bb8a007e1d7893f4a940f5578f877a6a) Importer(815301076,1909f56bfc062723c751e8b465ee728b)  -> (artifact id: '257432b5be0fde055e5d1faae616523e') in 0.005917 seconds
  Import took 0.009049 seconds .

========================================================================
Received Import Request.
  Time since last request: 0.000141 seconds.
  path: Assets/BuiltData/Nodes/Node_50.asset
  artifactKey: Guid(ee833c33aee64ab4bbb923819adc4525) Importer(815301076,1909f56bfc062723c751e8b465ee728b)
Start importing Assets/BuiltData/Nodes/Node_50.asset using Guid(ee833c33aee64ab4bbb923819adc4525) Importer(815301076,1909f56bfc062723c751e8b465ee728b)  -> (artifact id: '824a1ce855ea885de7b368d0fdf02dac') in 0.005139 seconds
  Import took 0.008393 seconds .

========================================================================
Received Import Request.
  Time since last request: 0.000139 seconds.
  path: Assets/BuiltData/Nodes/Node_0.asset
  artifactKey: Guid(e1aab145c2403f645a171964993131ae) Importer(815301076,1909f56bfc062723c751e8b465ee728b)
Start importing Assets/BuiltData/Nodes/Node_0.asset using Guid(e1aab145c2403f645a171964993131ae) Importer(815301076,1909f56bfc062723c751e8b465ee728b)  -> (artifact id: 'ffe3af322a0db82b1bb6a918ce6cb4f5') in 0.002279 seconds
  Import took 0.004866 seconds .

========================================================================
Received Import Request.
  Time since last request: 0.000129 seconds.
  path: Assets/BuiltData/Nodes/Node_27.asset
  artifactKey: Guid(3f1230a71a700e7469c68b33dc2938f8) Importer(815301076,1909f56bfc062723c751e8b465ee728b)
Start importing Assets/BuiltData/Nodes/Node_27.asset using Guid(3f1230a71a700e7469c68b33dc2938f8) Importer(815301076,1909f56bfc062723c751e8b465ee728b)  -> (artifact id: '7f27d80210963ceac439d7f1b643cb7a') in 0.002688 seconds
  Import took 0.006087 seconds .

========================================================================
Received Import Request.
  Time since last request: 0.000177 seconds.
  path: Assets/BuiltData/Nodes/Node_66.asset
  artifactKey: Guid(71ac4f9b2428aa4429da0e28eef0e614) Importer(815301076,1909f56bfc062723c751e8b465ee728b)
Start importing Assets/BuiltData/Nodes/Node_66.asset using Guid(71ac4f9b2428aa4429da0e28eef0e614) Importer(815301076,1909f56bfc062723c751e8b465ee728b)  -> (artifact id: 'f68db16b7abc7c141d21aabbe2735dba') in 0.007876 seconds
  Import took 0.012317 seconds .

========================================================================
Received Import Request.
  Time since last request: 0.000178 seconds.
  path: Assets/BuiltData/Nodes/Node_42.asset
  artifactKey: Guid(1cf377881e609a74ea4af42e03222718) Importer(815301076,1909f56bfc062723c751e8b465ee728b)
Start importing Assets/BuiltData/Nodes/Node_42.asset using Guid(1cf377881e609a74ea4af42e03222718) Importer(815301076,1909f56bfc062723c751e8b465ee728b)  -> (artifact id: 'b76d3af124799e3a52f5d5405f8aa0a9') in 0.002506 seconds
  Import took 0.006885 seconds .

========================================================================
Received Import Request.
  Time since last request: 0.000157 seconds.
  path: Assets/BuiltData/Nodes/Node_52.asset
  artifactKey: Guid(f7ef68a37e2814d4490c1b6452cfb736) Importer(815301076,1909f56bfc062723c751e8b465ee728b)
Start importing Assets/BuiltData/Nodes/Node_52.asset using Guid(f7ef68a37e2814d4490c1b6452cfb736) Importer(815301076,1909f56bfc062723c751e8b465ee728b)  -> (artifact id: '4d367dc1deca53914a0805dba12f2736') in 0.003192 seconds
  Import took 0.005740 seconds .

========================================================================
Received Import Request.
  Time since last request: 0.000131 seconds.
  path: Assets/BuiltData/Nodes/Node_45.asset
  artifactKey: Guid(a2f2866340544ff42a137d247f767fec) Importer(815301076,1909f56bfc062723c751e8b465ee728b)
Start importing Assets/BuiltData/Nodes/Node_45.asset using Guid(a2f2866340544ff42a137d247f767fec) Importer(815301076,1909f56bfc062723c751e8b465ee728b)  -> (artifact id: '315dddd17b9d2d2d02a5d6d7a43f8f1f') in 0.002107 seconds
  Import took 0.004760 seconds .

========================================================================
Received Import Request.
  Time since last request: 0.000139 seconds.
  path: Assets/BuiltData/Nodes/Node_65.asset
  artifactKey: Guid(00449176f9c33574aa2080b3c1ddd3ee) Importer(815301076,1909f56bfc062723c751e8b465ee728b)
Start importing Assets/BuiltData/Nodes/Node_65.asset using Guid(00449176f9c33574aa2080b3c1ddd3ee) Importer(815301076,1909f56bfc062723c751e8b465ee728b)  -> (artifact id: 'e83c1a27341bc0f8f9474b01829c0bc6') in 0.001820 seconds
  Import took 0.004138 seconds .

========================================================================
Received Import Request.
  Time since last request: 0.000119 seconds.
  path: Assets/BuiltData/Nodes/Node_56.asset
  artifactKey: Guid(9f31d31430959744f830d87575ddced0) Importer(815301076,1909f56bfc062723c751e8b465ee728b)
Start importing Assets/BuiltData/Nodes/Node_56.asset using Guid(9f31d31430959744f830d87575ddced0) Importer(815301076,1909f56bfc062723c751e8b465ee728b)  -> (artifact id: '165f503e2cf25da9a29dc6183c258a29') in 0.004423 seconds
  Import took 0.006979 seconds .

========================================================================
Received Import Request.
  Time since last request: 0.000139 seconds.
  path: Assets/BuiltData/Nodes/Node_11.asset
  artifactKey: Guid(cfa43a738517dee449333bb646112f13) Importer(815301076,1909f56bfc062723c751e8b465ee728b)
Start importing Assets/BuiltData/Nodes/Node_11.asset using Guid(cfa43a738517dee449333bb646112f13) Importer(815301076,1909f56bfc062723c751e8b465ee728b)  -> (artifact id: '00000000000000000000000000000000') in 0.017373 seconds
  ERROR: Build asset version error: assets/builtdata/nodes/node_11.asset in SourceAssetDB has modification time of '2021-09-24T02:20:19.4570916Z' while content on disk has modification time of '0001-01-01T00:00:00Z'
  Import took 0.020226 seconds .

========================================================================
Received Import Request.
  Time since last request: 0.000129 seconds.
  path: Assets/BuiltData/Nodes/Node_20.asset
  artifactKey: Guid(7d39d87d01040d546839111fba36fbeb) Importer(815301076,1909f56bfc062723c751e8b465ee728b)
Start importing Assets/BuiltData/Nodes/Node_20.asset using Guid(7d39d87d01040d546839111fba36fbeb) Importer(815301076,1909f56bfc062723c751e8b465ee728b)  -> (artifact id: '00000000000000000000000000000000') in 0.000294 seconds
  ERROR: Build asset version error: assets/builtdata/nodes/node_20.asset in SourceAssetDB has modification time of '2021-09-24T02:20:19.6780096Z' while content on disk has modification time of '0001-01-01T00:00:00Z'
  Import took 0.002394 seconds .

========================================================================
Received Import Request.
  Time since last request: 0.000112 seconds.
  path: Assets/BuiltData/Nodes/Node_49.asset
  artifactKey: Guid(e523cd40473e37544acfe1709acd9c55) Importer(815301076,1909f56bfc062723c751e8b465ee728b)
Start importing Assets/BuiltData/Nodes/Node_49.asset using Guid(e523cd40473e37544acfe1709acd9c55) Importer(815301076,1909f56bfc062723c751e8b465ee728b)  -> (artifact id: '00000000000000000000000000000000') in 0.000267 seconds
  ERROR: Build asset version error: assets/builtdata/nodes/node_49.asset in SourceAssetDB has modification time of '2021-09-24T02:20:20.3866496Z' while content on disk has modification time of '0001-01-01T00:00:00Z'
  Import took 0.002288 seconds .

========================================================================
Received Import Request.
  Time since last request: 0.000111 seconds.
  path: Assets/BuiltData/Nodes/Node_18.asset
  artifactKey: Guid(557f55354da2a8e4889a59bcc2793df0) Importer(815301076,1909f56bfc062723c751e8b465ee728b)
Start importing Assets/BuiltData/Nodes/Node_18.asset using Guid(557f55354da2a8e4889a59bcc2793df0) Importer(815301076,1909f56bfc062723c751e8b465ee728b)  -> (artifact id: '00000000000000000000000000000000') in 0.000240 seconds
  ERROR: Build asset version error: assets/builtdata/nodes/node_18.asset in SourceAssetDB has modification time of '2021-09-24T02:20:19.6276354Z' while content on disk has modification time of '0001-01-01T00:00:00Z'
  Import took 0.002237 seconds .

========================================================================
Received Import Request.
  Time since last request: 0.000111 seconds.
  path: Assets/BuiltData/Nodes/Node_37.asset
  artifactKey: Guid(da0c30fcac3ae60469da9ff0f6d196e4) Importer(815301076,1909f56bfc062723c751e8b465ee728b)
Start importing Assets/BuiltData/Nodes/Node_37.asset using Guid(da0c30fcac3ae60469da9ff0f6d196e4) Importer(815301076,1909f56bfc062723c751e8b465ee728b)  -> (artifact id: '00000000000000000000000000000000') in 0.000558 seconds
  ERROR: Build asset version error: assets/builtdata/nodes/node_37.asset in SourceAssetDB has modification time of '2021-09-24T02:20:20.0930756Z' while content on disk has modification time of '0001-01-01T00:00:00Z'
  Import took 0.003935 seconds .

========================================================================
Received Import Request.
  Time since last request: 0.000146 seconds.
  path: Assets/BuiltData/Nodes/Node_6.asset
  artifactKey: Guid(18ef4d60bd84f00478a64fc880c90712) Importer(815301076,1909f56bfc062723c751e8b465ee728b)
Start importing Assets/BuiltData/Nodes/Node_6.asset using Guid(18ef4d60bd84f00478a64fc880c90712) Importer(815301076,1909f56bfc062723c751e8b465ee728b)  -> (artifact id: '00000000000000000000000000000000') in 0.068340 seconds
  ERROR: Build asset version error: assets/builtdata/nodes/node_6.asset in SourceAssetDB has modification time of '2021-09-24T02:20:19.3304259Z' while content on disk has modification time of '0001-01-01T00:00:00Z'
  Import took 0.070892 seconds .

========================================================================
Received Import Request.
  Time since last request: 0.000324 seconds.
  path: Assets/BuiltData/Nodes/Node_15.asset
  artifactKey: Guid(7896028c40022fc40b07fb0eac1c9d22) Importer(815301076,1909f56bfc062723c751e8b465ee728b)
Start importing Assets/BuiltData/Nodes/Node_15.asset using Guid(7896028c40022fc40b07fb0eac1c9d22) Importer(815301076,1909f56bfc062723c751e8b465ee728b)  -> (artifact id: '00000000000000000000000000000000') in 0.000489 seconds
  ERROR: Build asset version error: assets/builtdata/nodes/node_15.asset in SourceAssetDB has modification time of '2021-09-24T02:20:19.5508462Z' while content on disk has modification time of '0001-01-01T00:00:00Z'
  Import took 0.003743 seconds .

========================================================================
Received Import Request.
  Time since last request: 0.000250 seconds.
  path: 
  artifactKey: Guid(3b8eeef22ace6ed4fa20a1d88fcdb0ca) Importer(815301076,1909f56bfc062723c751e8b465ee728b)
Start importing  using Guid(3b8eeef22ace6ed4fa20a1d88fcdb0ca) Importer(815301076,1909f56bfc062723c751e8b465ee728b)  -> (artifact id: '00000000000000000000000000000000') in 0.000028 seconds
  ERROR: Unknown asset with GUID '3b8eeef22ace6ed4fa20a1d88fcdb0ca'
  Import took 0.002078 seconds .

========================================================================
Received Import Request.
  Time since last request: 0.000241 seconds.
  path: 
  artifactKey: Guid(026421329a412c144959fc366508d43c) Importer(815301076,1909f56bfc062723c751e8b465ee728b)
Start importing  using Guid(026421329a412c144959fc366508d43c) Importer(815301076,1909f56bfc062723c751e8b465ee728b)  -> (artifact id: '00000000000000000000000000000000') in 0.000030 seconds
  ERROR: Unknown asset with GUID '026421329a412c144959fc366508d43c'
  Import took 0.002347 seconds .

========================================================================
Received Import Request.
  Time since last request: 5.919060 seconds.
  path: Assets/BuiltData/NavMeshData.asset
  artifactKey: Guid(8b73c407209147642923f69a0d74daf7) Importer(815301076,1909f56bfc062723c751e8b465ee728b)
Start importing Assets/BuiltData/NavMeshData.asset using Guid(8b73c407209147642923f69a0d74daf7) Importer(815301076,1909f56bfc062723c751e8b465ee728b)  -> (artifact id: '4ce731509a8629ac547ec427c4524c19') in 0.059351 seconds
  Import took 0.062507 seconds .

========================================================================
Received Import Request.
  Time since last request: 1.253827 seconds.
  path: Assets/BuiltData/Nodes/Node_5.asset
  artifactKey: Guid(5ab73c0a3d2c1e0489a1f9c032186355) Importer(815301076,1909f56bfc062723c751e8b465ee728b)
Start importing Assets/BuiltData/Nodes/Node_5.asset using Guid(5ab73c0a3d2c1e0489a1f9c032186355) Importer(815301076,1909f56bfc062723c751e8b465ee728b)  -> (artifact id: '5af032a3c2085ad572ad398d5d7ef5b8') in 0.005006 seconds
  Import took 0.007660 seconds .

========================================================================
Received Import Request.
  Time since last request: 0.000157 seconds.
  path: Assets/BuiltData/Nodes/Node_11.asset
  artifactKey: Guid(cfa43a738517dee449333bb646112f13) Importer(815301076,1909f56bfc062723c751e8b465ee728b)
Start importing Assets/BuiltData/Nodes/Node_11.asset using Guid(cfa43a738517dee449333bb646112f13) Importer(815301076,1909f56bfc062723c751e8b465ee728b)  -> (artifact id: 'dd098dd8c1a1601396d2c003b0f338f7') in 0.005062 seconds
  Import took 0.007673 seconds .

========================================================================
Received Import Request.
  Time since last request: 0.000239 seconds.
  path: Assets/BuiltData/Nodes/Node_20.asset
  artifactKey: Guid(7d39d87d01040d546839111fba36fbeb) Importer(815301076,1909f56bfc062723c751e8b465ee728b)
Start importing Assets/BuiltData/Nodes/Node_20.asset using Guid(7d39d87d01040d546839111fba36fbeb) Importer(815301076,1909f56bfc062723c751e8b465ee728b)  -> (artifact id: '8cdec076558ab0cb995ced8f7e0c9125') in 0.005195 seconds
  Import took 0.007794 seconds .

========================================================================
Received Import Request.
  Time since last request: 0.000218 seconds.
  path: Assets/BuiltData/Nodes/Node_49.asset
  artifactKey: Guid(e523cd40473e37544acfe1709acd9c55) Importer(815301076,1909f56bfc062723c751e8b465ee728b)
Start importing Assets/BuiltData/Nodes/Node_49.asset using Guid(e523cd40473e37544acfe1709acd9c55) Importer(815301076,1909f56bfc062723c751e8b465ee728b)  -> (artifact id: 'cc5e99d6a379e637c9e50c99ad0c6a24') in 0.004961 seconds
  Import took 0.007622 seconds .

========================================================================
Received Import Request.
  Time since last request: 0.000159 seconds.
  path: Assets/BuiltData/Nodes/Node_18.asset
  artifactKey: Guid(557f55354da2a8e4889a59bcc2793df0) Importer(815301076,1909f56bfc062723c751e8b465ee728b)
Start importing Assets/BuiltData/Nodes/Node_18.asset using Guid(557f55354da2a8e4889a59bcc2793df0) Importer(815301076,1909f56bfc062723c751e8b465ee728b)  -> (artifact id: 'c4ee83371e28235dd09c8b9340761183') in 0.002169 seconds
  Import took 0.004740 seconds .

========================================================================
Received Import Request.
  Time since last request: 0.000190 seconds.
  path: Assets/BuiltData/Nodes/Node_37.asset
  artifactKey: Guid(da0c30fcac3ae60469da9ff0f6d196e4) Importer(815301076,1909f56bfc062723c751e8b465ee728b)
Start importing Assets/BuiltData/Nodes/Node_37.asset using Guid(da0c30fcac3ae60469da9ff0f6d196e4) Importer(815301076,1909f56bfc062723c751e8b465ee728b)  -> (artifact id: '70c0d3f1d44734b936d3de3586229137') in 0.005477 seconds
  Import took 0.008393 seconds .

========================================================================
Received Import Request.
  Time since last request: 0.000180 seconds.
  path: Assets/BuiltData/Nodes/Node_6.asset
  artifactKey: Guid(18ef4d60bd84f00478a64fc880c90712) Importer(815301076,1909f56bfc062723c751e8b465ee728b)
Start importing Assets/BuiltData/Nodes/Node_6.asset using Guid(18ef4d60bd84f00478a64fc880c90712) Importer(815301076,1909f56bfc062723c751e8b465ee728b)  -> (artifact id: 'c9d5195b797a8c45f6633d84d9dabb65') in 0.005063 seconds
  Import took 0.007576 seconds .

========================================================================
Received Import Request.
  Time since last request: 0.000198 seconds.
  path: Assets/BuiltData/Nodes/Node_15.asset
  artifactKey: Guid(7896028c40022fc40b07fb0eac1c9d22) Importer(815301076,1909f56bfc062723c751e8b465ee728b)
Start importing Assets/BuiltData/Nodes/Node_15.asset using Guid(7896028c40022fc40b07fb0eac1c9d22) Importer(815301076,1909f56bfc062723c751e8b465ee728b)  -> (artifact id: 'f631f62ccd4916394e09989ebc51c2a3') in 0.002345 seconds
  Import took 0.005158 seconds .

========================================================================
Received Import Request.
  Time since last request: 0.000260 seconds.
  path: Assets/BuiltData/Nodes/Node_34.asset
  artifactKey: Guid(3b8eeef22ace6ed4fa20a1d88fcdb0ca) Importer(815301076,1909f56bfc062723c751e8b465ee728b)
Start importing Assets/BuiltData/Nodes/Node_34.asset using Guid(3b8eeef22ace6ed4fa20a1d88fcdb0ca) Importer(815301076,1909f56bfc062723c751e8b465ee728b)  -> (artifact id: '13c5d8302d598af7c82a7615801e76b6') in 0.002067 seconds
  Import took 0.004710 seconds .

========================================================================
Received Import Request.
  Time since last request: 0.000300 seconds.
  path: Assets/BuiltData/Nodes/Node_33.asset
  artifactKey: Guid(026421329a412c144959fc366508d43c) Importer(815301076,1909f56bfc062723c751e8b465ee728b)
Start importing Assets/BuiltData/Nodes/Node_33.asset using Guid(026421329a412c144959fc366508d43c) Importer(815301076,1909f56bfc062723c751e8b465ee728b)  -> (artifact id: '4aa2f3b86bb903d08dca63b262915c10') in 0.002081 seconds
  Import took 0.004678 seconds .

========================================================================
Received Import Request.
  Time since last request: 0.000165 seconds.
  path: Assets/BuiltData/Nodes/Node_41.asset
  artifactKey: Guid(21af71046aae4d14c86a304a0e09841f) Importer(815301076,1909f56bfc062723c751e8b465ee728b)
Start importing Assets/BuiltData/Nodes/Node_41.asset using Guid(21af71046aae4d14c86a304a0e09841f) Importer(815301076,1909f56bfc062723c751e8b465ee728b)  -> (artifact id: '0fae8358f2d4fc2ddc48875548b0e519') in 0.002541 seconds
  Import took 0.005542 seconds .

========================================================================
Received Import Request.
  Time since last request: 0.000194 seconds.
  path: Assets/BuiltData/Nodes/Node_68.asset
  artifactKey: Guid(72d6986087cfea6458afb9912f7ebad8) Importer(815301076,1909f56bfc062723c751e8b465ee728b)
Start importing Assets/BuiltData/Nodes/Node_68.asset using Guid(72d6986087cfea6458afb9912f7ebad8) Importer(815301076,1909f56bfc062723c751e8b465ee728b)  -> (artifact id: 'b8b8e4bbdf19785926fd54346070ae79') in 0.002328 seconds
  Import took 0.005175 seconds .

========================================================================
Received Import Request.
  Time since last request: 0.000224 seconds.
  path: Assets/BuiltData/Nodes/Node_47.asset
  artifactKey: Guid(9d7f72ebe5c51c1439e4590c637c7d49) Importer(815301076,1909f56bfc062723c751e8b465ee728b)
Start importing Assets/BuiltData/Nodes/Node_47.asset using Guid(9d7f72ebe5c51c1439e4590c637c7d49) Importer(815301076,1909f56bfc062723c751e8b465ee728b)  -> (artifact id: '39fddedd70e4ed9c4b6917694f4886d1') in 0.005016 seconds
  Import took 0.007986 seconds .

========================================================================
Received Import Request.
  Time since last request: 0.000274 seconds.
  path: Assets/BuiltData/Nodes/Node_63.asset
  artifactKey: Guid(d4033061062c66941a33e709c8de4c87) Importer(815301076,1909f56bfc062723c751e8b465ee728b)
Start importing Assets/BuiltData/Nodes/Node_63.asset using Guid(d4033061062c66941a33e709c8de4c87) Importer(815301076,1909f56bfc062723c751e8b465ee728b)  -> (artifact id: '296cd22f50537581200c3e52944872f8') in 0.004940 seconds
  Import took 0.008121 seconds .

========================================================================
Received Import Request.
  Time since last request: 0.000152 seconds.
  path: Assets/BuiltData/Nodes/Node_72.asset
  artifactKey: Guid(58c3f3822802fe844a32bb4d86f156c2) Importer(815301076,1909f56bfc062723c751e8b465ee728b)
Start importing Assets/BuiltData/Nodes/Node_72.asset using Guid(58c3f3822802fe844a32bb4d86f156c2) Importer(815301076,1909f56bfc062723c751e8b465ee728b)  -> (artifact id: '673cc061bb960398cdff8219fb6886af') in 0.005381 seconds
  Import took 0.008209 seconds .

========================================================================
Received Import Request.
  Time since last request: 0.000163 seconds.
  path: Assets/BuiltData/Nodes/Node_25.asset
  artifactKey: Guid(94f2f1579287e79408463741702e95df) Importer(815301076,1909f56bfc062723c751e8b465ee728b)
Start importing Assets/BuiltData/Nodes/Node_25.asset using Guid(94f2f1579287e79408463741702e95df) Importer(815301076,1909f56bfc062723c751e8b465ee728b)  -> (artifact id: 'ed250c22295566b2bfc955d1e6bfe5a6') in 0.004973 seconds
  Import took 0.007782 seconds .

========================================================================
Received Import Request.
  Time since last request: 0.000193 seconds.
  path: Assets/BuiltData/Nodes/Node_48.asset
  artifactKey: Guid(f5e0baa59e5db8f4fb978cd5550d8267) Importer(815301076,1909f56bfc062723c751e8b465ee728b)
Start importing Assets/BuiltData/Nodes/Node_48.asset using Guid(f5e0baa59e5db8f4fb978cd5550d8267) Importer(815301076,1909f56bfc062723c751e8b465ee728b)  -> (artifact id: 'c3bfe8b94c33c5dc7ab2133c3874705b') in 0.002463 seconds
  Import took 0.005396 seconds .

========================================================================
Received Import Request.
  Time since last request: 0.000202 seconds.
  path: Assets/BuiltData/Nodes/Node_57.asset
  artifactKey: Guid(93147afbc9ff431468d7ddbd5ae77302) Importer(815301076,1909f56bfc062723c751e8b465ee728b)
Start importing Assets/BuiltData/Nodes/Node_57.asset using Guid(93147afbc9ff431468d7ddbd5ae77302) Importer(815301076,1909f56bfc062723c751e8b465ee728b)  -> (artifact id: '4bffcdbf041bd6bfb6649b80250be96e') in 0.005126 seconds
  Import took 0.007871 seconds .

========================================================================
Received Import Request.
  Time since last request: 0.000222 seconds.
  path: Assets/BuiltData/Nodes/Node_71.asset
  artifactKey: Guid(6f4ead8ce0690944da483956ad85efb7) Importer(815301076,1909f56bfc062723c751e8b465ee728b)
Start importing Assets/BuiltData/Nodes/Node_71.asset using Guid(6f4ead8ce0690944da483956ad85efb7) Importer(815301076,1909f56bfc062723c751e8b465ee728b)  -> (artifact id: 'a1f795850683357df1ee9263af8e692d') in 0.002288 seconds
  Import took 0.005263 seconds .

========================================================================
Received Import Request.
  Time since last request: 0.000213 seconds.
  path: Assets/BuiltData/Nodes/Node_19.asset
  artifactKey: Guid(bfbd58a9ada522c4bba05defab1e1f6e) Importer(815301076,1909f56bfc062723c751e8b465ee728b)
Start importing Assets/BuiltData/Nodes/Node_19.asset using Guid(bfbd58a9ada522c4bba05defab1e1f6e) Importer(815301076,1909f56bfc062723c751e8b465ee728b)  -> (artifact id: '765e2459defb601038c283ec36e1a3cd') in 0.004885 seconds
  Import took 0.007689 seconds .

========================================================================
Received Import Request.
  Time since last request: 0.000251 seconds.
  path: Assets/BuiltData/Nodes/Node_35.asset
  artifactKey: Guid(73b9b3556f7175b45b68b67f1b49828f) Importer(815301076,1909f56bfc062723c751e8b465ee728b)
Start importing Assets/BuiltData/Nodes/Node_35.asset using Guid(73b9b3556f7175b45b68b67f1b49828f) Importer(815301076,1909f56bfc062723c751e8b465ee728b)  -> (artifact id: '76457ed33c43d598e977c94d1ea9c945') in 0.005071 seconds
  Import took 0.008140 seconds .

========================================================================
Received Import Request.
  Time since last request: 0.000254 seconds.
  path: Assets/BuiltData/Nodes/Node_67.asset
  artifactKey: Guid(2fbfcafe5783c1543ac6ff691bbdb3e0) Importer(815301076,1909f56bfc062723c751e8b465ee728b)
Start importing Assets/BuiltData/Nodes/Node_67.asset using Guid(2fbfcafe5783c1543ac6ff691bbdb3e0) Importer(815301076,1909f56bfc062723c751e8b465ee728b)  -> (artifact id: 'd5617159afca99a9466a0fc4262c31f8') in 0.002081 seconds
  Import took 0.004696 seconds .

========================================================================
Received Prepare
Registering precompiled user dll's ...
Registered in 0.002478 seconds.
Begin MonoManager ReloadAssembly
Native extension for WindowsStandalone target not found
Refreshing native plugins compatible for Editor in 0.39 ms, found 3 plugins.
Preloading 0 native plugins for Editor in 0.00 ms.
Mono: successfully reloaded assembly
- Completed reload, in  0.842 seconds
Platform modules already initialized, skipping
Refreshing native plugins compatible for Editor in 0.42 ms, found 3 plugins.
Preloading 0 native plugins for Editor in 0.00 ms.
Unloading 2083 Unused Serialized files (Serialized files now loaded: 0)
System memory in use before: 93.0 MB.
System memory in use after: 93.0 MB.

Unloading 21 unused Assets to reduce memory usage. Loaded Objects now: 2525.
Total: 2.340900 ms (FindLiveObjects: 0.186300 ms CreateObjectMapping: 0.093100 ms MarkObjects: 1.966200 ms  DeleteObjects: 0.094100 ms)

AssetImportWorkerClient::OnTransportError - code=2 error=End of file
